<?xml version="1.0" encoding="UTF-8"?>
<!-- Generated by org.testng.reporters.JUnitXMLReporter -->
<testsuite hostname="saikiran-HP" name="Test" tests="4" failures="0" timestamp="30 Jan 2021 06:37:58 GMT" time="95.113" errors="0">
  <testcase name="loginTest" time="11.633" classname="com.orangehrm.testCases.TC_001_LoginTest"/>
  <testcase name="loginTest" time="11.633" classname="com.orangehrm.testCases.TC_001_LoginTest"/>
  <testcase name="adminTest" time="23.897" classname="com.orangehrm.testCases.TC_002_AdminPage"/>
  <testcase name="adminTest" time="23.897" classname="com.orangehrm.testCases.TC_002_AdminPage"/>
</testsuite> <!-- Test -->
