<?xml version="1.0" encoding="UTF-8"?>
<testng-results total="1" passed="1" failed="0" skipped="0">
  <reporter-output>
  </reporter-output>
  <suite started-at="2021-01-26T05:14:00Z" name="Suite" finished-at="2021-01-26T05:14:41Z" duration-ms="41664">
    <groups>
    </groups>
    <test started-at="2021-01-26T05:14:00Z" name="Test" finished-at="2021-01-26T05:14:41Z" duration-ms="41664">
      <class name="com.orangehrm.testCases.TC_002_AdminPage">
        <test-method is-config="true" signature="beforeTest(org.testng.ITestContext)[pri:0, instance:com.orangehrm.testCases.TC_002_AdminPage@25641d39]" started-at="2021-01-26T10:44:00Z" name="beforeTest" finished-at="2021-01-26T10:44:00Z" duration-ms="516" status="PASS">
          <params>
            <param index="0">
              <value>
                <![CDATA[org.testng.TestRunner@a5272be]]>
              </value>
            </param>
          </params>
          <reporter-output>
          </reporter-output>
        </test-method> <!-- beforeTest -->
        <test-method is-config="true" signature="setup(java.lang.String)[pri:0, instance:com.orangehrm.testCases.TC_002_AdminPage@25641d39]" started-at="2021-01-26T10:44:00Z" name="setup" finished-at="2021-01-26T10:44:20Z" duration-ms="19990" status="PASS">
          <params>
            <param index="0">
              <value>
                <![CDATA[firefox]]>
              </value>
            </param>
          </params>
          <reporter-output>
          </reporter-output>
        </test-method> <!-- setup -->
        <test-method is-config="true" signature="beforeMethod(java.lang.reflect.Method)[pri:0, instance:com.orangehrm.testCases.TC_002_AdminPage@25641d39]" started-at="2021-01-26T10:44:20Z" name="beforeMethod" finished-at="2021-01-26T10:44:20Z" duration-ms="12" status="PASS">
          <params>
            <param index="0">
              <value>
                <![CDATA[public void com.orangehrm.testCases.TC_002_AdminPage.adminTest() throws java.lang.Exception]]>
              </value>
            </param>
          </params>
          <reporter-output>
          </reporter-output>
        </test-method> <!-- beforeMethod -->
        <test-method signature="adminTest()[pri:0, instance:com.orangehrm.testCases.TC_002_AdminPage@25641d39]" started-at="2021-01-26T10:44:20Z" name="adminTest" finished-at="2021-01-26T10:44:37Z" duration-ms="16819" status="PASS">
          <reporter-output>
          </reporter-output>
        </test-method> <!-- adminTest -->
        <test-method is-config="true" signature="teardown()[pri:0, instance:com.orangehrm.testCases.TC_002_AdminPage@25641d39]" started-at="2021-01-26T10:44:37Z" name="teardown" finished-at="2021-01-26T10:44:41Z" duration-ms="3673" status="PASS">
          <reporter-output>
          </reporter-output>
        </test-method> <!-- teardown -->
        <test-method is-config="true" signature="afterTest()[pri:0, instance:com.orangehrm.testCases.TC_002_AdminPage@25641d39]" started-at="2021-01-26T10:44:41Z" name="afterTest" finished-at="2021-01-26T10:44:41Z" duration-ms="640" status="PASS">
          <reporter-output>
          </reporter-output>
        </test-method> <!-- afterTest -->
      </class> <!-- com.orangehrm.testCases.TC_002_AdminPage -->
    </test> <!-- Test -->
  </suite> <!-- Suite -->
</testng-results>
