<?xml version="1.0" encoding="UTF-8"?>
<testng-results total="0" passed="0" failed="0" skipped="0">
  <reporter-output>
  </reporter-output>
  <suite started-at="2021-01-29T13:00:08Z" name="Suite" finished-at="2021-01-29T13:00:09Z" duration-ms="1362">
    <groups>
    </groups>
    <test started-at="2021-01-29T13:00:08Z" name="Test" finished-at="2021-01-29T13:00:09Z" duration-ms="1362">
      <class name="com.orangehrm.testCases.TC_002_AdminPage">
        <test-method is-config="true" signature="beforeTest(org.testng.ITestContext)[pri:0, instance:com.orangehrm.testCases.TC_002_AdminPage@27c86f2d]" started-at="2021-01-29T18:30:08Z" name="beforeTest" finished-at="2021-01-29T18:30:08Z" duration-ms="586" status="PASS">
          <params>
            <param index="0">
              <value>
                <![CDATA[org.testng.TestRunner@3bcbb589]]>
              </value>
            </param>
          </params>
          <reporter-output>
          </reporter-output>
        </test-method> <!-- beforeTest -->
        <test-method is-config="true" signature="afterTest()[pri:0, instance:com.orangehrm.testCases.TC_002_AdminPage@27c86f2d]" started-at="2021-01-29T18:30:08Z" name="afterTest" finished-at="2021-01-29T18:30:09Z" duration-ms="761" status="PASS">
          <reporter-output>
          </reporter-output>
        </test-method> <!-- afterTest -->
      </class> <!-- com.orangehrm.testCases.TC_002_AdminPage -->
    </test> <!-- Test -->
  </suite> <!-- Suite -->
</testng-results>
